<?xml version="1.0" encoding="UTF-8"?>
<testng-results ignored="0" total="1" passed="1" failed="0" skipped="0">
  <reporter-output>
  </reporter-output>
  <suite started-at="2020-04-20T04:20:47Z" name="Default suite" finished-at="2020-04-20T04:21:46Z" duration-ms="58928">
    <groups>
    </groups>
    <test started-at="2020-04-20T04:20:47Z" name="Default test" finished-at="2020-04-20T04:21:46Z" duration-ms="58928">
      <class name="Enews_Testcases.TC_20_FDArticlelink_API">
        <test-method is-config="true" signature="beforeSuite()[pri:0, instance:Enews_Testcases.TC_20_FDArticlelink_API@223f3642]" started-at="2020-04-20T04:20:47Z" name="beforeSuite" finished-at="2020-04-20T04:20:47Z" duration-ms="421" status="PASS">
          <reporter-output>
          </reporter-output>
        </test-method> <!-- beforeSuite -->
        <test-method is-config="true" signature="beforeTest()[pri:0, instance:Enews_Testcases.TC_20_FDArticlelink_API@223f3642]" started-at="2020-04-20T04:20:47Z" name="beforeTest" finished-at="2020-04-20T04:20:47Z" duration-ms="0" status="PASS">
          <reporter-output>
          </reporter-output>
        </test-method> <!-- beforeTest -->
        <test-method is-config="true" signature="setData()[pri:0, instance:Enews_Testcases.TC_20_FDArticlelink_API@223f3642]" started-at="2020-04-20T04:20:47Z" name="setData" finished-at="2020-04-20T04:20:47Z" depends-on-methods="Enews_WDMethods.ProjectMethods.beforeTest" duration-ms="1" status="PASS">
          <reporter-output>
          </reporter-output>
        </test-method> <!-- setData -->
        <test-method is-config="true" signature="beforeMethod()[pri:0, instance:Enews_Testcases.TC_20_FDArticlelink_API@223f3642]" started-at="2020-04-20T04:20:47Z" name="beforeMethod" finished-at="2020-04-20T04:20:47Z" duration-ms="37" status="PASS">
          <reporter-output>
          </reporter-output>
        </test-method> <!-- beforeMethod -->
        <test-method signature="frontdoorphotos()[pri:21, instance:Enews_Testcases.TC_20_FDArticlelink_API@223f3642]" started-at="2020-04-20T04:20:47Z" name="frontdoorphotos" finished-at="2020-04-20T04:21:46Z" duration-ms="58292" status="PASS">
          <reporter-output>
          </reporter-output>
        </test-method> <!-- frontdoorphotos -->
        <test-method is-config="true" signature="afterMethod(org.testng.ITestResult)[pri:0, instance:Enews_Testcases.TC_20_FDArticlelink_API@223f3642]" started-at="2020-04-20T04:21:46Z" name="afterMethod" finished-at="2020-04-20T04:21:46Z" duration-ms="575" status="PASS">
          <params>
            <param index="0">
              <value>
                <![CDATA[[TestResult name=frontdoorphotos status=SUCCESS method=TC_20_FDArticlelink_API.frontdoorphotos()[pri:21, instance:Enews_Testcases.TC_20_FDArticlelink_API@223f3642] output={null}]]]>
              </value>
            </param>
          </params>
          <reporter-output>
          </reporter-output>
        </test-method> <!-- afterMethod -->
        <test-method is-config="true" signature="afterTest()[pri:0, instance:Enews_Testcases.TC_20_FDArticlelink_API@223f3642]" started-at="2020-04-20T04:21:46Z" name="afterTest" finished-at="2020-04-20T04:21:46Z" duration-ms="0" status="PASS">
          <reporter-output>
          </reporter-output>
        </test-method> <!-- afterTest -->
        <test-method is-config="true" signature="afterSuite()[pri:0, instance:Enews_Testcases.TC_20_FDArticlelink_API@223f3642]" started-at="2020-04-20T04:21:46Z" name="afterSuite" finished-at="2020-04-20T04:21:46Z" duration-ms="5" status="PASS">
          <reporter-output>
          </reporter-output>
        </test-method> <!-- afterSuite -->
      </class> <!-- Enews_Testcases.TC_20_FDArticlelink_API -->
    </test> <!-- Default test -->
  </suite> <!-- Default suite -->
</testng-results>
